<?xml version="1.0" encoding="UTF-8"?>
<!-- Generated by org.testng.reporters.JUnitReportReporter -->
<testsuite hostname="TestVagrants-MacBook-Pro-3.local" failures="0" tests="2" name="com.test.webapps.MobileTests" time="25.328" errors="1" timestamp="2023-11-28T12:31:22 IST" skipped="1">
  <testcase classname="com.test.webapps.MobileTests" name="loginTesting" time="0.000">
    <skipped/>
  </testcase> <!-- loginTesting -->
  <testcase classname="com.test.webapps.MobileTests" name="setup" time="25.328">
    <error message="Could not start a new session. Response code 500. Message: An unknown server-side error occurred while processing the command. Original error: Error executing adbExec. Original error: &#039;Command &#039;/Users/testvagrant/Library/Android/sdk/platform-tools/adb -P 5037 -s emulator-5554 shell &#039;settings delete global hidden_api_policy_pre_p_apps;settings delete global hidden_api_policy_p_apps;settings delete global hidden_api_policy&#039;&#039; exited with code 20&#039;; Command output: cmd: Can&#039;t find service: settings
cmd: Can&#039;t find service: settings
cmd: Can&#039;t find service: settings
 
Host info: host: &#039;TestVagrants-MacBook-Pro-3.local&#039;, ip: &#039;fe80:0:0:0:8e0:95d6:e26b:43ab%en0&#039;
Build info: version: &#039;4.15.0&#039;, revision: &#039;1d14b5521b&#039;
System info: os.name: &#039;Mac OS X&#039;, os.arch: &#039;x86_64&#039;, os.version: &#039;13.5&#039;, java.version: &#039;17.0.1&#039;
Driver info: io.appium.java_client.android.AndroidDriver
Command: [null, newSession {capabilities=[{appium:autoGrantPermissions=true, appium:isHeadless=true, appium:appActivity=com.swaglabsmobileapp.MainActivity, appium:avd=Pixel_5, appium:deviceName=Pixel_5, platformName=ANDROID, appium:automationName=UIAutomator2, appium:app=/Users/testvagrant/Documents/WebAndMobileFramework/src/test/resources/test.apk, appium:platformVersion=13, appium:appPackage=com.swaglabsmobileapp}], desiredCapabilities=Capabilities {appium:app: /Users/testvagrant/Document..., appium:appActivity: com.swaglabsmobileapp.MainA..., appium:appPackage: com.swaglabsmobileapp, appium:autoGrantPermissions: true, appium:automationName: UIAutomator2, appium:avd: Pixel_5, appium:deviceName: Pixel_5, appium:isHeadless: true, appium:platformVersion: 13, platformName: ANDROID}}]
Capabilities {appium:app: /Users/testvagrant/Document..., appium:appActivity: com.swaglabsmobileapp.MainA..., appium:appPackage: com.swaglabsmobileapp, appium:autoGrantPermissions: true, appium:automationName: UIAutomator2, appium:avd: Pixel_5, appium:deviceName: Pixel_5, appium:isHeadless: true, appium:platformVersion: 13, platformName: ANDROID}" type="org.openqa.selenium.SessionNotCreatedException">
      <![CDATA[org.openqa.selenium.SessionNotCreatedException: Could not start a new session. Response code 500. Message: An unknown server-side error occurred while processing the command. Original error: Error executing adbExec. Original error: 'Command '/Users/testvagrant/Library/Android/sdk/platform-tools/adb -P 5037 -s emulator-5554 shell 'settings delete global hidden_api_policy_pre_p_apps;settings delete global hidden_api_policy_p_apps;settings delete global hidden_api_policy'' exited with code 20'; Command output: cmd: Can't find service: settings
cmd: Can't find service: settings
cmd: Can't find service: settings
 
Host info: host: 'TestVagrants-MacBook-Pro-3.local', ip: 'fe80:0:0:0:8e0:95d6:e26b:43ab%en0'
Build info: version: '4.15.0', revision: '1d14b5521b'
System info: os.name: 'Mac OS X', os.arch: 'x86_64', os.version: '13.5', java.version: '17.0.1'
Driver info: io.appium.java_client.android.AndroidDriver
Command: [null, newSession {capabilities=[{appium:autoGrantPermissions=true, appium:isHeadless=true, appium:appActivity=com.swaglabsmobileapp.MainActivity, appium:avd=Pixel_5, appium:deviceName=Pixel_5, platformName=ANDROID, appium:automationName=UIAutomator2, appium:app=/Users/testvagrant/Documents/WebAndMobileFramework/src/test/resources/test.apk, appium:platformVersion=13, appium:appPackage=com.swaglabsmobileapp}], desiredCapabilities=Capabilities {appium:app: /Users/testvagrant/Document..., appium:appActivity: com.swaglabsmobileapp.MainA..., appium:appPackage: com.swaglabsmobileapp, appium:autoGrantPermissions: true, appium:automationName: UIAutomator2, appium:avd: Pixel_5, appium:deviceName: Pixel_5, appium:isHeadless: true, appium:platformVersion: 13, platformName: ANDROID}}]
Capabilities {appium:app: /Users/testvagrant/Document..., appium:appActivity: com.swaglabsmobileapp.MainA..., appium:appPackage: com.swaglabsmobileapp, appium:autoGrantPermissions: true, appium:automationName: UIAutomator2, appium:avd: Pixel_5, appium:deviceName: Pixel_5, appium:isHeadless: true, appium:platformVersion: 13, platformName: ANDROID}
at org.openqa.selenium.remote.ProtocolHandshake.createSession(ProtocolHandshake.java:140)
at java.base/jdk.internal.reflect.NativeMethodAccessorImpl.invoke0(Native Method)
at java.base/jdk.internal.reflect.NativeMethodAccessorImpl.invoke(NativeMethodAccessorImpl.java:77)
at java.base/jdk.internal.reflect.DelegatingMethodAccessorImpl.invoke(DelegatingMethodAccessorImpl.java:43)
at java.base/java.lang.reflect.Method.invoke(Method.java:568)
at io.appium.java_client.remote.AppiumProtocolHandshake.createSession(AppiumProtocolHandshake.java:133)
at io.appium.java_client.remote.AppiumProtocolHandshake.createSession(AppiumProtocolHandshake.java:102)
at io.appium.java_client.remote.AppiumCommandExecutor.createSession(AppiumCommandExecutor.java:177)
at io.appium.java_client.remote.AppiumCommandExecutor.execute(AppiumCommandExecutor.java:238)
at org.openqa.selenium.remote.RemoteWebDriver.execute(RemoteWebDriver.java:607)
at io.appium.java_client.AppiumDriver.startSession(AppiumDriver.java:268)
at org.openqa.selenium.remote.RemoteWebDriver.<init>(RemoteWebDriver.java:168)
at io.appium.java_client.AppiumDriver.<init>(AppiumDriver.java:90)
at io.appium.java_client.AppiumDriver.<init>(AppiumDriver.java:102)
at io.appium.java_client.android.AndroidDriver.<init>(AndroidDriver.java:109)
at com.webapp.automation.drivers.MobileDriverInitializer.initializeMobileDriver(MobileDriverInitializer.java:28)
at com.test.webapps.MobileTests.setup(MobileTests.java:16)
at java.base/jdk.internal.reflect.NativeMethodAccessorImpl.invoke0(Native Method)
at java.base/jdk.internal.reflect.NativeMethodAccessorImpl.invoke(NativeMethodAccessorImpl.java:77)
at java.base/jdk.internal.reflect.DelegatingMethodAccessorImpl.invoke(DelegatingMethodAccessorImpl.java:43)
at java.base/java.lang.reflect.Method.invoke(Method.java:568)
at org.testng.internal.invokers.MethodInvocationHelper.invokeMethod(MethodInvocationHelper.java:139)
at org.testng.internal.invokers.MethodInvocationHelper.invokeMethodConsideringTimeout(MethodInvocationHelper.java:69)
at org.testng.internal.invokers.ConfigInvoker.invokeConfigurationMethod(ConfigInvoker.java:390)
at org.testng.internal.invokers.ConfigInvoker.invokeConfigurations(ConfigInvoker.java:325)
at org.testng.internal.invokers.TestInvoker.runConfigMethods(TestInvoker.java:810)
at org.testng.internal.invokers.TestInvoker.invokeMethod(TestInvoker.java:577)
at org.testng.internal.invokers.TestInvoker.invokeTestMethod(TestInvoker.java:227)
at org.testng.internal.invokers.MethodRunner.runInSequence(MethodRunner.java:50)
at org.testng.internal.invokers.TestInvoker$MethodInvocationAgent.invoke(TestInvoker.java:957)
at org.testng.internal.invokers.TestInvoker.invokeTestMethods(TestInvoker.java:200)
at org.testng.internal.invokers.TestMethodWorker.invokeTestMethods(TestMethodWorker.java:148)
at org.testng.internal.invokers.TestMethodWorker.run(TestMethodWorker.java:128)
at java.base/java.util.concurrent.ThreadPoolExecutor.runWorker(ThreadPoolExecutor.java:1136)
at java.base/java.util.concurrent.ThreadPoolExecutor$Worker.run(ThreadPoolExecutor.java:635)
at java.base/java.lang.Thread.run(Thread.java:833)
]]>
    </error>
  </testcase> <!-- setup -->
</testsuite> <!-- com.test.webapps.MobileTests -->
