<?xml version="1.0" encoding="UTF-8"?>
<!-- Generated by org.testng.reporters.JUnitReportReporter -->
<testsuite hostname="TestVagrants-MacBook-Pro-3.local" failures="0" tests="1" name="com.test.webapps.WebTests" time="6.462" errors="0" timestamp="2023-11-23T16:49:57 IST" skipped="0">
  <testcase classname="com.test.webapps.WebTests" name="webTesting" time="6.462"/>
</testsuite> <!-- com.test.webapps.WebTests -->
